[main]-[INFO] 2017-01-19 14:21:08.984 org.springframework.test.context.support.DefaultTestContextBootstrapper Using TestExecutionListeners: [org.springframework.test.context.web.ServletTestExecutionListener@48eff760, org.springframework.test.context.support.DirtiesContextBeforeModesTestExecutionListener@402f32ff, org.springframework.test.context.support.DependencyInjectionTestExecutionListener@573f2bb1, org.springframework.test.context.support.DirtiesContextTestExecutionListener@5ae9a829]
[main]-[INFO] 2017-01-19 14:21:09.279 org.springframework.beans.factory.xml.XmlBeanDefinitionReader Loading XML bean definitions from class path resource [spring/spring-mvc.xml]
[main]-[INFO] 2017-01-19 14:21:09.844 org.springframework.beans.factory.xml.XmlBeanDefinitionReader Loading XML bean definitions from class path resource [spring/spring-context.xml]
[main]-[INFO] 2017-01-19 14:21:09.919 org.springframework.beans.factory.xml.XmlBeanDefinitionReader Loading XML bean definitions from class path resource [spring/spring-mybatis.xml]
[main]-[INFO] 2017-01-19 14:21:10.024 org.springframework.context.support.GenericApplicationContext Refreshing org.springframework.context.support.GenericApplicationContext@548e7350: startup date [Thu Jan 19 14:21:10 CST 2017]; root of context hierarchy
[main]-[INFO] 2017-01-19 14:21:10.381 org.springframework.context.support.PropertySourcesPlaceholderConfigurer Loading properties file from class path resource [jdbc.properties]
[main]-[INFO] 2017-01-19 14:21:12.307 com.alibaba.druid.pool.DruidDataSource {dataSource-1} inited
[main]-[INFO] 2017-01-19 14:21:12.744 org.springframework.web.servlet.mvc.method.annotation.RequestMappingHandlerMapping Mapped "{[/index/toIndex.do]}" onto public java.lang.String com.shaw.demo.controller.IndexController.toIndex(javax.servlet.http.HttpServletRequest,org.springframework.ui.Model)
[main]-[INFO] 2017-01-19 14:21:12.747 org.springframework.web.servlet.mvc.method.annotation.RequestMappingHandlerMapping Mapped "{[/index/showUser]}" onto public java.lang.String com.shaw.demo.controller.IndexController.showUser(javax.servlet.http.HttpServletRequest,org.springframework.ui.Model)
[main]-[INFO] 2017-01-19 14:21:13.075 org.springframework.web.servlet.mvc.method.annotation.RequestMappingHandlerAdapter Looking for @ControllerAdvice: org.springframework.context.support.GenericApplicationContext@548e7350: startup date [Thu Jan 19 14:21:10 CST 2017]; root of context hierarchy
[main]-[INFO] 2017-01-19 14:21:13.169 org.springframework.web.servlet.mvc.method.annotation.RequestMappingHandlerAdapter Looking for @ControllerAdvice: org.springframework.context.support.GenericApplicationContext@548e7350: startup date [Thu Jan 19 14:21:10 CST 2017]; root of context hierarchy
[main]-[INFO] 2017-01-19 14:21:13.732 RedisManager ======>>redis config : ip:127.0.0.1,password:
[Thread-1]-[INFO] 2017-01-19 14:21:13.880 org.springframework.context.support.GenericApplicationContext Closing org.springframework.context.support.GenericApplicationContext@548e7350: startup date [Thu Jan 19 14:21:10 CST 2017]; root of context hierarchy
[Thread-1]-[INFO] 2017-01-19 14:21:13.891 com.alibaba.druid.pool.DruidDataSource {dataSource-1} closed
[main]-[INFO] 2017-01-19 14:21:43.299 org.springframework.test.context.support.DefaultTestContextBootstrapper Using TestExecutionListeners: [org.springframework.test.context.web.ServletTestExecutionListener@48eff760, org.springframework.test.context.support.DirtiesContextBeforeModesTestExecutionListener@402f32ff, org.springframework.test.context.support.DependencyInjectionTestExecutionListener@573f2bb1, org.springframework.test.context.support.DirtiesContextTestExecutionListener@5ae9a829]
[main]-[INFO] 2017-01-19 14:21:43.446 org.springframework.beans.factory.xml.XmlBeanDefinitionReader Loading XML bean definitions from class path resource [spring/spring-mvc.xml]
[main]-[INFO] 2017-01-19 14:21:43.752 org.springframework.beans.factory.xml.XmlBeanDefinitionReader Loading XML bean definitions from class path resource [spring/spring-context.xml]
[main]-[INFO] 2017-01-19 14:21:43.820 org.springframework.beans.factory.xml.XmlBeanDefinitionReader Loading XML bean definitions from class path resource [spring/spring-mybatis.xml]
[main]-[INFO] 2017-01-19 14:21:43.891 org.springframework.context.support.GenericApplicationContext Refreshing org.springframework.context.support.GenericApplicationContext@548e7350: startup date [Thu Jan 19 14:21:43 CST 2017]; root of context hierarchy
[main]-[INFO] 2017-01-19 14:21:44.210 org.springframework.context.support.PropertySourcesPlaceholderConfigurer Loading properties file from class path resource [jdbc.properties]
[main]-[INFO] 2017-01-19 14:21:45.239 com.alibaba.druid.pool.DruidDataSource {dataSource-1} inited
[main]-[INFO] 2017-01-19 14:21:45.447 org.springframework.web.servlet.mvc.method.annotation.RequestMappingHandlerMapping Mapped "{[/index/toIndex.do]}" onto public java.lang.String com.shaw.demo.controller.IndexController.toIndex(javax.servlet.http.HttpServletRequest,org.springframework.ui.Model)
[main]-[INFO] 2017-01-19 14:21:45.449 org.springframework.web.servlet.mvc.method.annotation.RequestMappingHandlerMapping Mapped "{[/index/showUser]}" onto public java.lang.String com.shaw.demo.controller.IndexController.showUser(javax.servlet.http.HttpServletRequest,org.springframework.ui.Model)
[main]-[INFO] 2017-01-19 14:21:45.673 org.springframework.web.servlet.mvc.method.annotation.RequestMappingHandlerAdapter Looking for @ControllerAdvice: org.springframework.context.support.GenericApplicationContext@548e7350: startup date [Thu Jan 19 14:21:43 CST 2017]; root of context hierarchy
[main]-[INFO] 2017-01-19 14:21:45.728 org.springframework.web.servlet.mvc.method.annotation.RequestMappingHandlerAdapter Looking for @ControllerAdvice: org.springframework.context.support.GenericApplicationContext@548e7350: startup date [Thu Jan 19 14:21:43 CST 2017]; root of context hierarchy
[main]-[INFO] 2017-01-19 14:21:46.141 RedisManager ======>>redis config : ip:127.0.0.1,password:
[Thread-1]-[INFO] 2017-01-19 14:21:46.229 org.springframework.context.support.GenericApplicationContext Closing org.springframework.context.support.GenericApplicationContext@548e7350: startup date [Thu Jan 19 14:21:43 CST 2017]; root of context hierarchy
[Thread-1]-[INFO] 2017-01-19 14:21:46.237 com.alibaba.druid.pool.DruidDataSource {dataSource-1} closed
[main]-[INFO] 2017-01-19 14:35:41.647 org.springframework.test.context.support.DefaultTestContextBootstrapper Using TestExecutionListeners: [org.springframework.test.context.web.ServletTestExecutionListener@402f32ff, org.springframework.test.context.support.DirtiesContextBeforeModesTestExecutionListener@573f2bb1, org.springframework.test.context.support.DependencyInjectionTestExecutionListener@5ae9a829, org.springframework.test.context.support.DirtiesContextTestExecutionListener@6d8a00e3]
[main]-[INFO] 2017-01-19 14:35:41.856 org.springframework.beans.factory.xml.XmlBeanDefinitionReader Loading XML bean definitions from class path resource [spring/spring-mvc.xml]
[main]-[INFO] 2017-01-19 14:35:42.176 org.springframework.beans.factory.xml.XmlBeanDefinitionReader Loading XML bean definitions from class path resource [spring/spring-context.xml]
[main]-[INFO] 2017-01-19 14:35:42.432 org.springframework.beans.factory.xml.XmlBeanDefinitionReader Loading XML bean definitions from class path resource [spring/spring-mybatis.xml]
[main]-[INFO] 2017-01-19 14:35:42.521 org.springframework.context.support.GenericApplicationContext Refreshing org.springframework.context.support.GenericApplicationContext@1a968a59: startup date [Thu Jan 19 14:35:42 CST 2017]; root of context hierarchy
[main]-[INFO] 2017-01-19 14:35:42.813 org.springframework.context.support.PropertySourcesPlaceholderConfigurer Loading properties file from class path resource [jdbc.properties]
[main]-[INFO] 2017-01-19 14:35:43.857 com.alibaba.druid.pool.DruidDataSource {dataSource-1} inited
[main]-[INFO] 2017-01-19 14:35:44.079 org.springframework.web.servlet.mvc.method.annotation.RequestMappingHandlerMapping Mapped "{[/index/toIndex.do]}" onto public java.lang.String com.shaw.demo.controller.IndexController.toIndex(javax.servlet.http.HttpServletRequest,org.springframework.ui.Model)
[main]-[INFO] 2017-01-19 14:35:44.081 org.springframework.web.servlet.mvc.method.annotation.RequestMappingHandlerMapping Mapped "{[/index/showUser]}" onto public java.lang.String com.shaw.demo.controller.IndexController.showUser(javax.servlet.http.HttpServletRequest,org.springframework.ui.Model)
[main]-[INFO] 2017-01-19 14:35:44.300 org.springframework.web.servlet.mvc.method.annotation.RequestMappingHandlerAdapter Looking for @ControllerAdvice: org.springframework.context.support.GenericApplicationContext@1a968a59: startup date [Thu Jan 19 14:35:42 CST 2017]; root of context hierarchy
[main]-[INFO] 2017-01-19 14:35:44.352 org.springframework.web.servlet.mvc.method.annotation.RequestMappingHandlerAdapter Looking for @ControllerAdvice: org.springframework.context.support.GenericApplicationContext@1a968a59: startup date [Thu Jan 19 14:35:42 CST 2017]; root of context hierarchy
[main]-[INFO] 2017-01-19 14:35:45.488 RedisManager ======>>redis config : ip:127.0.0.1,password:
[main]-[ERROR] 2017-01-19 14:35:45.580 RedisTempalte ERR Operation against a key holding the wrong kind of value
redis.clients.jedis.exceptions.JedisDataException: ERR Operation against a key holding the wrong kind of value
	at redis.clients.jedis.Protocol.processError(Protocol.java:117)
	at redis.clients.jedis.Protocol.process(Protocol.java:151)
	at redis.clients.jedis.Protocol.read(Protocol.java:205)
	at redis.clients.jedis.Connection.readProtocolWithCheckingBroken(Connection.java:297)
	at redis.clients.jedis.Connection.getIntegerReply(Connection.java:222)
	at redis.clients.jedis.Jedis.hset(Jedis.java:606)
	at com.shaw.demo.common.redis.RedisTempalte$10.call(RedisTempalte.java:139)
	at com.shaw.demo.common.redis.RedisTempalte$10.call(RedisTempalte.java:1)
	at com.shaw.demo.common.redis.RedisTempalte.execute(RedisTempalte.java:32)
	at com.shaw.demo.common.redis.RedisTempalte.hset(RedisTempalte.java:134)
	at com.shaw.test.TestJedis.testJedis(TestJedis.java:29)
	at sun.reflect.NativeMethodAccessorImpl.invoke0(Native Method)
	at sun.reflect.NativeMethodAccessorImpl.invoke(Unknown Source)
	at sun.reflect.DelegatingMethodAccessorImpl.invoke(Unknown Source)
	at java.lang.reflect.Method.invoke(Unknown Source)
	at org.junit.runners.model.FrameworkMethod$1.runReflectiveCall(FrameworkMethod.java:50)
	at org.junit.internal.runners.model.ReflectiveCallable.run(ReflectiveCallable.java:12)
	at org.junit.runners.model.FrameworkMethod.invokeExplosively(FrameworkMethod.java:47)
	at org.junit.internal.runners.statements.InvokeMethod.evaluate(InvokeMethod.java:17)
	at org.springframework.test.context.junit4.statements.RunBeforeTestMethodCallbacks.evaluate(RunBeforeTestMethodCallbacks.java:75)
	at org.springframework.test.context.junit4.statements.RunAfterTestMethodCallbacks.evaluate(RunAfterTestMethodCallbacks.java:86)
	at org.springframework.test.context.junit4.statements.SpringRepeat.evaluate(SpringRepeat.java:84)
	at org.junit.runners.ParentRunner.runLeaf(ParentRunner.java:325)
	at org.springframework.test.context.junit4.SpringJUnit4ClassRunner.runChild(SpringJUnit4ClassRunner.java:254)
	at org.springframework.test.context.junit4.SpringJUnit4ClassRunner.runChild(SpringJUnit4ClassRunner.java:89)
	at org.junit.runners.ParentRunner$3.run(ParentRunner.java:290)
	at org.junit.runners.ParentRunner$1.schedule(ParentRunner.java:71)
	at org.junit.runners.ParentRunner.runChildren(ParentRunner.java:288)
	at org.junit.runners.ParentRunner.access$000(ParentRunner.java:58)
	at org.junit.runners.ParentRunner$2.evaluate(ParentRunner.java:268)
	at org.springframework.test.context.junit4.statements.RunBeforeTestClassCallbacks.evaluate(RunBeforeTestClassCallbacks.java:61)
	at org.springframework.test.context.junit4.statements.RunAfterTestClassCallbacks.evaluate(RunAfterTestClassCallbacks.java:70)
	at org.junit.runners.ParentRunner.run(ParentRunner.java:363)
	at org.springframework.test.context.junit4.SpringJUnit4ClassRunner.run(SpringJUnit4ClassRunner.java:193)
	at org.eclipse.jdt.internal.junit4.runner.JUnit4TestReference.run(JUnit4TestReference.java:86)
	at org.eclipse.jdt.internal.junit.runner.TestExecution.run(TestExecution.java:38)
	at org.eclipse.jdt.internal.junit.runner.RemoteTestRunner.runTests(RemoteTestRunner.java:459)
	at org.eclipse.jdt.internal.junit.runner.RemoteTestRunner.runTests(RemoteTestRunner.java:678)
	at org.eclipse.jdt.internal.junit.runner.RemoteTestRunner.run(RemoteTestRunner.java:382)
	at org.eclipse.jdt.internal.junit.runner.RemoteTestRunner.main(RemoteTestRunner.java:192)
[Thread-1]-[INFO] 2017-01-19 14:35:45.596 org.springframework.context.support.GenericApplicationContext Closing org.springframework.context.support.GenericApplicationContext@1a968a59: startup date [Thu Jan 19 14:35:42 CST 2017]; root of context hierarchy
[Thread-1]-[INFO] 2017-01-19 14:35:45.603 com.alibaba.druid.pool.DruidDataSource {dataSource-1} closed
[main]-[INFO] 2017-01-19 14:37:31.886 org.springframework.test.context.support.DefaultTestContextBootstrapper Using TestExecutionListeners: [org.springframework.test.context.web.ServletTestExecutionListener@402f32ff, org.springframework.test.context.support.DirtiesContextBeforeModesTestExecutionListener@573f2bb1, org.springframework.test.context.support.DependencyInjectionTestExecutionListener@5ae9a829, org.springframework.test.context.support.DirtiesContextTestExecutionListener@6d8a00e3]
[main]-[INFO] 2017-01-19 14:37:32.033 org.springframework.beans.factory.xml.XmlBeanDefinitionReader Loading XML bean definitions from class path resource [spring/spring-mvc.xml]
[main]-[INFO] 2017-01-19 14:37:32.535 org.springframework.beans.factory.xml.XmlBeanDefinitionReader Loading XML bean definitions from class path resource [spring/spring-context.xml]
[main]-[INFO] 2017-01-19 14:37:32.729 org.springframework.beans.factory.xml.XmlBeanDefinitionReader Loading XML bean definitions from class path resource [spring/spring-mybatis.xml]
[main]-[INFO] 2017-01-19 14:37:32.871 org.springframework.context.support.GenericApplicationContext Refreshing org.springframework.context.support.GenericApplicationContext@1a968a59: startup date [Thu Jan 19 14:37:32 CST 2017]; root of context hierarchy
[main]-[INFO] 2017-01-19 14:37:33.326 org.springframework.context.support.PropertySourcesPlaceholderConfigurer Loading properties file from class path resource [jdbc.properties]
[main]-[INFO] 2017-01-19 14:37:34.327 com.alibaba.druid.pool.DruidDataSource {dataSource-1} inited
[main]-[INFO] 2017-01-19 14:37:34.538 org.springframework.web.servlet.mvc.method.annotation.RequestMappingHandlerMapping Mapped "{[/index/toIndex.do]}" onto public java.lang.String com.shaw.demo.controller.IndexController.toIndex(javax.servlet.http.HttpServletRequest,org.springframework.ui.Model)
[main]-[INFO] 2017-01-19 14:37:34.540 org.springframework.web.servlet.mvc.method.annotation.RequestMappingHandlerMapping Mapped "{[/index/showUser]}" onto public java.lang.String com.shaw.demo.controller.IndexController.showUser(javax.servlet.http.HttpServletRequest,org.springframework.ui.Model)
[main]-[INFO] 2017-01-19 14:37:34.746 org.springframework.web.servlet.mvc.method.annotation.RequestMappingHandlerAdapter Looking for @ControllerAdvice: org.springframework.context.support.GenericApplicationContext@1a968a59: startup date [Thu Jan 19 14:37:32 CST 2017]; root of context hierarchy
[main]-[INFO] 2017-01-19 14:37:34.798 org.springframework.web.servlet.mvc.method.annotation.RequestMappingHandlerAdapter Looking for @ControllerAdvice: org.springframework.context.support.GenericApplicationContext@1a968a59: startup date [Thu Jan 19 14:37:32 CST 2017]; root of context hierarchy
[main]-[INFO] 2017-01-19 14:37:35.489 RedisManager ======>>redis config : ip:127.0.0.1,password:
[Thread-1]-[INFO] 2017-01-19 14:37:35.564 org.springframework.context.support.GenericApplicationContext Closing org.springframework.context.support.GenericApplicationContext@1a968a59: startup date [Thu Jan 19 14:37:32 CST 2017]; root of context hierarchy
[Thread-1]-[INFO] 2017-01-19 14:37:35.569 com.alibaba.druid.pool.DruidDataSource {dataSource-1} closed
[main]-[INFO] 2017-01-19 14:38:36.077 org.springframework.test.context.support.DefaultTestContextBootstrapper Using TestExecutionListeners: [org.springframework.test.context.web.ServletTestExecutionListener@402f32ff, org.springframework.test.context.support.DirtiesContextBeforeModesTestExecutionListener@573f2bb1, org.springframework.test.context.support.DependencyInjectionTestExecutionListener@5ae9a829, org.springframework.test.context.support.DirtiesContextTestExecutionListener@6d8a00e3]
[main]-[INFO] 2017-01-19 14:38:36.219 org.springframework.beans.factory.xml.XmlBeanDefinitionReader Loading XML bean definitions from class path resource [spring/spring-mvc.xml]
[main]-[INFO] 2017-01-19 14:38:36.527 org.springframework.beans.factory.xml.XmlBeanDefinitionReader Loading XML bean definitions from class path resource [spring/spring-context.xml]
[main]-[INFO] 2017-01-19 14:38:36.599 org.springframework.beans.factory.xml.XmlBeanDefinitionReader Loading XML bean definitions from class path resource [spring/spring-mybatis.xml]
[main]-[INFO] 2017-01-19 14:38:36.681 org.springframework.context.support.GenericApplicationContext Refreshing org.springframework.context.support.GenericApplicationContext@1a968a59: startup date [Thu Jan 19 14:38:36 CST 2017]; root of context hierarchy
[main]-[INFO] 2017-01-19 14:38:36.983 org.springframework.context.support.PropertySourcesPlaceholderConfigurer Loading properties file from class path resource [jdbc.properties]
[main]-[INFO] 2017-01-19 14:38:37.963 com.alibaba.druid.pool.DruidDataSource {dataSource-1} inited
[main]-[INFO] 2017-01-19 14:38:38.182 org.springframework.web.servlet.mvc.method.annotation.RequestMappingHandlerMapping Mapped "{[/index/toIndex.do]}" onto public java.lang.String com.shaw.demo.controller.IndexController.toIndex(javax.servlet.http.HttpServletRequest,org.springframework.ui.Model)
[main]-[INFO] 2017-01-19 14:38:38.183 org.springframework.web.servlet.mvc.method.annotation.RequestMappingHandlerMapping Mapped "{[/index/showUser]}" onto public java.lang.String com.shaw.demo.controller.IndexController.showUser(javax.servlet.http.HttpServletRequest,org.springframework.ui.Model)
[main]-[INFO] 2017-01-19 14:38:38.385 org.springframework.web.servlet.mvc.method.annotation.RequestMappingHandlerAdapter Looking for @ControllerAdvice: org.springframework.context.support.GenericApplicationContext@1a968a59: startup date [Thu Jan 19 14:38:36 CST 2017]; root of context hierarchy
[main]-[INFO] 2017-01-19 14:38:38.466 org.springframework.web.servlet.mvc.method.annotation.RequestMappingHandlerAdapter Looking for @ControllerAdvice: org.springframework.context.support.GenericApplicationContext@1a968a59: startup date [Thu Jan 19 14:38:36 CST 2017]; root of context hierarchy
[main]-[INFO] 2017-01-19 14:38:39.112 RedisManager ======>>redis config : ip:127.0.0.1,password:
[main]-[ERROR] 2017-01-19 14:38:39.165 RedisTempalte ERR Operation against a key holding the wrong kind of value
redis.clients.jedis.exceptions.JedisDataException: ERR Operation against a key holding the wrong kind of value
	at redis.clients.jedis.Protocol.processError(Protocol.java:117)
	at redis.clients.jedis.Protocol.process(Protocol.java:151)
	at redis.clients.jedis.Protocol.read(Protocol.java:205)
	at redis.clients.jedis.Connection.readProtocolWithCheckingBroken(Connection.java:297)
	at redis.clients.jedis.Connection.getBinaryBulkReply(Connection.java:216)
	at redis.clients.jedis.Connection.getBulkReply(Connection.java:205)
	at redis.clients.jedis.Jedis.hget(Jedis.java:622)
	at com.shaw.demo.common.redis.RedisTempalte$6.call(RedisTempalte.java:95)
	at com.shaw.demo.common.redis.RedisTempalte$6.call(RedisTempalte.java:1)
	at com.shaw.demo.common.redis.RedisTempalte.execute(RedisTempalte.java:32)
	at com.shaw.demo.common.redis.RedisTempalte.hget(RedisTempalte.java:91)
	at com.shaw.test.TestJedis.testJedis(TestJedis.java:32)
	at sun.reflect.NativeMethodAccessorImpl.invoke0(Native Method)
	at sun.reflect.NativeMethodAccessorImpl.invoke(Unknown Source)
	at sun.reflect.DelegatingMethodAccessorImpl.invoke(Unknown Source)
	at java.lang.reflect.Method.invoke(Unknown Source)
	at org.junit.runners.model.FrameworkMethod$1.runReflectiveCall(FrameworkMethod.java:50)
	at org.junit.internal.runners.model.ReflectiveCallable.run(ReflectiveCallable.java:12)
	at org.junit.runners.model.FrameworkMethod.invokeExplosively(FrameworkMethod.java:47)
	at org.junit.internal.runners.statements.InvokeMethod.evaluate(InvokeMethod.java:17)
	at org.springframework.test.context.junit4.statements.RunBeforeTestMethodCallbacks.evaluate(RunBeforeTestMethodCallbacks.java:75)
	at org.springframework.test.context.junit4.statements.RunAfterTestMethodCallbacks.evaluate(RunAfterTestMethodCallbacks.java:86)
	at org.springframework.test.context.junit4.statements.SpringRepeat.evaluate(SpringRepeat.java:84)
	at org.junit.runners.ParentRunner.runLeaf(ParentRunner.java:325)
	at org.springframework.test.context.junit4.SpringJUnit4ClassRunner.runChild(SpringJUnit4ClassRunner.java:254)
	at org.springframework.test.context.junit4.SpringJUnit4ClassRunner.runChild(SpringJUnit4ClassRunner.java:89)
	at org.junit.runners.ParentRunner$3.run(ParentRunner.java:290)
	at org.junit.runners.ParentRunner$1.schedule(ParentRunner.java:71)
	at org.junit.runners.ParentRunner.runChildren(ParentRunner.java:288)
	at org.junit.runners.ParentRunner.access$000(ParentRunner.java:58)
	at org.junit.runners.ParentRunner$2.evaluate(ParentRunner.java:268)
	at org.springframework.test.context.junit4.statements.RunBeforeTestClassCallbacks.evaluate(RunBeforeTestClassCallbacks.java:61)
	at org.springframework.test.context.junit4.statements.RunAfterTestClassCallbacks.evaluate(RunAfterTestClassCallbacks.java:70)
	at org.junit.runners.ParentRunner.run(ParentRunner.java:363)
	at org.springframework.test.context.junit4.SpringJUnit4ClassRunner.run(SpringJUnit4ClassRunner.java:193)
	at org.eclipse.jdt.internal.junit4.runner.JUnit4TestReference.run(JUnit4TestReference.java:86)
	at org.eclipse.jdt.internal.junit.runner.TestExecution.run(TestExecution.java:38)
	at org.eclipse.jdt.internal.junit.runner.RemoteTestRunner.runTests(RemoteTestRunner.java:459)
	at org.eclipse.jdt.internal.junit.runner.RemoteTestRunner.runTests(RemoteTestRunner.java:678)
	at org.eclipse.jdt.internal.junit.runner.RemoteTestRunner.run(RemoteTestRunner.java:382)
	at org.eclipse.jdt.internal.junit.runner.RemoteTestRunner.main(RemoteTestRunner.java:192)
[Thread-1]-[INFO] 2017-01-19 14:38:39.171 org.springframework.context.support.GenericApplicationContext Closing org.springframework.context.support.GenericApplicationContext@1a968a59: startup date [Thu Jan 19 14:38:36 CST 2017]; root of context hierarchy
[Thread-1]-[INFO] 2017-01-19 14:38:39.184 com.alibaba.druid.pool.DruidDataSource {dataSource-1} closed
[main]-[INFO] 2017-01-19 14:39:18.836 org.springframework.test.context.support.DefaultTestContextBootstrapper Using TestExecutionListeners: [org.springframework.test.context.web.ServletTestExecutionListener@402f32ff, org.springframework.test.context.support.DirtiesContextBeforeModesTestExecutionListener@573f2bb1, org.springframework.test.context.support.DependencyInjectionTestExecutionListener@5ae9a829, org.springframework.test.context.support.DirtiesContextTestExecutionListener@6d8a00e3]
[main]-[INFO] 2017-01-19 14:39:18.983 org.springframework.beans.factory.xml.XmlBeanDefinitionReader Loading XML bean definitions from class path resource [spring/spring-mvc.xml]
[main]-[INFO] 2017-01-19 14:39:19.283 org.springframework.beans.factory.xml.XmlBeanDefinitionReader Loading XML bean definitions from class path resource [spring/spring-context.xml]
[main]-[INFO] 2017-01-19 14:39:19.358 org.springframework.beans.factory.xml.XmlBeanDefinitionReader Loading XML bean definitions from class path resource [spring/spring-mybatis.xml]
[main]-[INFO] 2017-01-19 14:39:19.436 org.springframework.context.support.GenericApplicationContext Refreshing org.springframework.context.support.GenericApplicationContext@1a968a59: startup date [Thu Jan 19 14:39:19 CST 2017]; root of context hierarchy
[main]-[INFO] 2017-01-19 14:39:19.745 org.springframework.context.support.PropertySourcesPlaceholderConfigurer Loading properties file from class path resource [jdbc.properties]
[main]-[INFO] 2017-01-19 14:39:20.766 com.alibaba.druid.pool.DruidDataSource {dataSource-1} inited
[main]-[INFO] 2017-01-19 14:39:20.974 org.springframework.web.servlet.mvc.method.annotation.RequestMappingHandlerMapping Mapped "{[/index/toIndex.do]}" onto public java.lang.String com.shaw.demo.controller.IndexController.toIndex(javax.servlet.http.HttpServletRequest,org.springframework.ui.Model)
[main]-[INFO] 2017-01-19 14:39:20.975 org.springframework.web.servlet.mvc.method.annotation.RequestMappingHandlerMapping Mapped "{[/index/showUser]}" onto public java.lang.String com.shaw.demo.controller.IndexController.showUser(javax.servlet.http.HttpServletRequest,org.springframework.ui.Model)
[main]-[INFO] 2017-01-19 14:39:21.172 org.springframework.web.servlet.mvc.method.annotation.RequestMappingHandlerAdapter Looking for @ControllerAdvice: org.springframework.context.support.GenericApplicationContext@1a968a59: startup date [Thu Jan 19 14:39:19 CST 2017]; root of context hierarchy
[main]-[INFO] 2017-01-19 14:39:21.224 org.springframework.web.servlet.mvc.method.annotation.RequestMappingHandlerAdapter Looking for @ControllerAdvice: org.springframework.context.support.GenericApplicationContext@1a968a59: startup date [Thu Jan 19 14:39:19 CST 2017]; root of context hierarchy
[main]-[INFO] 2017-01-19 14:39:21.813 RedisManager ======>>redis config : ip:127.0.0.1,password:
[Thread-1]-[INFO] 2017-01-19 14:39:21.866 org.springframework.context.support.GenericApplicationContext Closing org.springframework.context.support.GenericApplicationContext@1a968a59: startup date [Thu Jan 19 14:39:19 CST 2017]; root of context hierarchy
[Thread-1]-[INFO] 2017-01-19 14:39:21.874 com.alibaba.druid.pool.DruidDataSource {dataSource-1} closed
[main]-[INFO] 2017-01-19 14:41:22.321 org.springframework.test.context.support.DefaultTestContextBootstrapper Using TestExecutionListeners: [org.springframework.test.context.web.ServletTestExecutionListener@402f32ff, org.springframework.test.context.support.DirtiesContextBeforeModesTestExecutionListener@573f2bb1, org.springframework.test.context.support.DependencyInjectionTestExecutionListener@5ae9a829, org.springframework.test.context.support.DirtiesContextTestExecutionListener@6d8a00e3]
[main]-[INFO] 2017-01-19 14:41:22.489 org.springframework.beans.factory.xml.XmlBeanDefinitionReader Loading XML bean definitions from class path resource [spring/spring-mvc.xml]
[main]-[INFO] 2017-01-19 14:41:22.834 org.springframework.beans.factory.xml.XmlBeanDefinitionReader Loading XML bean definitions from class path resource [spring/spring-context.xml]
[main]-[INFO] 2017-01-19 14:41:22.922 org.springframework.beans.factory.xml.XmlBeanDefinitionReader Loading XML bean definitions from class path resource [spring/spring-mybatis.xml]
[main]-[INFO] 2017-01-19 14:41:23.022 org.springframework.context.support.GenericApplicationContext Refreshing org.springframework.context.support.GenericApplicationContext@1a968a59: startup date [Thu Jan 19 14:41:23 CST 2017]; root of context hierarchy
[main]-[INFO] 2017-01-19 14:41:23.328 org.springframework.context.support.PropertySourcesPlaceholderConfigurer Loading properties file from class path resource [jdbc.properties]
[main]-[INFO] 2017-01-19 14:41:24.423 com.alibaba.druid.pool.DruidDataSource {dataSource-1} inited
[main]-[INFO] 2017-01-19 14:41:24.633 org.springframework.web.servlet.mvc.method.annotation.RequestMappingHandlerMapping Mapped "{[/index/toIndex.do]}" onto public java.lang.String com.shaw.demo.controller.IndexController.toIndex(javax.servlet.http.HttpServletRequest,org.springframework.ui.Model)
[main]-[INFO] 2017-01-19 14:41:24.634 org.springframework.web.servlet.mvc.method.annotation.RequestMappingHandlerMapping Mapped "{[/index/showUser]}" onto public java.lang.String com.shaw.demo.controller.IndexController.showUser(javax.servlet.http.HttpServletRequest,org.springframework.ui.Model)
[main]-[INFO] 2017-01-19 14:41:24.853 org.springframework.web.servlet.mvc.method.annotation.RequestMappingHandlerAdapter Looking for @ControllerAdvice: org.springframework.context.support.GenericApplicationContext@1a968a59: startup date [Thu Jan 19 14:41:23 CST 2017]; root of context hierarchy
[main]-[INFO] 2017-01-19 14:41:24.935 org.springframework.web.servlet.mvc.method.annotation.RequestMappingHandlerAdapter Looking for @ControllerAdvice: org.springframework.context.support.GenericApplicationContext@1a968a59: startup date [Thu Jan 19 14:41:23 CST 2017]; root of context hierarchy
[main]-[INFO] 2017-01-19 14:41:25.629 RedisManager ======>>redis config : ip:127.0.0.1,password:
[Thread-1]-[INFO] 2017-01-19 14:41:25.784 org.springframework.context.support.GenericApplicationContext Closing org.springframework.context.support.GenericApplicationContext@1a968a59: startup date [Thu Jan 19 14:41:23 CST 2017]; root of context hierarchy
[Thread-1]-[INFO] 2017-01-19 14:41:25.796 com.alibaba.druid.pool.DruidDataSource {dataSource-1} closed
[main]-[INFO] 2017-01-19 14:49:13.963 org.springframework.test.context.support.DefaultTestContextBootstrapper Using TestExecutionListeners: [org.springframework.test.context.web.ServletTestExecutionListener@402f32ff, org.springframework.test.context.support.DirtiesContextBeforeModesTestExecutionListener@573f2bb1, org.springframework.test.context.support.DependencyInjectionTestExecutionListener@5ae9a829, org.springframework.test.context.support.DirtiesContextTestExecutionListener@6d8a00e3]
[main]-[INFO] 2017-01-19 14:49:14.120 org.springframework.beans.factory.xml.XmlBeanDefinitionReader Loading XML bean definitions from class path resource [spring/spring-mvc.xml]
[main]-[INFO] 2017-01-19 14:49:14.462 org.springframework.beans.factory.xml.XmlBeanDefinitionReader Loading XML bean definitions from class path resource [spring/spring-context.xml]
[main]-[INFO] 2017-01-19 14:49:14.560 org.springframework.beans.factory.xml.XmlBeanDefinitionReader Loading XML bean definitions from class path resource [spring/spring-mybatis.xml]
[main]-[INFO] 2017-01-19 14:49:14.852 org.springframework.context.support.GenericApplicationContext Refreshing org.springframework.context.support.GenericApplicationContext@1a968a59: startup date [Thu Jan 19 14:49:14 CST 2017]; root of context hierarchy
[main]-[INFO] 2017-01-19 14:49:15.142 org.springframework.context.support.PropertySourcesPlaceholderConfigurer Loading properties file from class path resource [jdbc.properties]
[main]-[INFO] 2017-01-19 14:49:16.176 com.alibaba.druid.pool.DruidDataSource {dataSource-1} inited
[main]-[INFO] 2017-01-19 14:49:16.433 org.springframework.web.servlet.mvc.method.annotation.RequestMappingHandlerMapping Mapped "{[/index/toIndex.do]}" onto public java.lang.String com.shaw.demo.controller.IndexController.toIndex(javax.servlet.http.HttpServletRequest,org.springframework.ui.Model)
[main]-[INFO] 2017-01-19 14:49:16.434 org.springframework.web.servlet.mvc.method.annotation.RequestMappingHandlerMapping Mapped "{[/index/showUser]}" onto public java.lang.String com.shaw.demo.controller.IndexController.showUser(javax.servlet.http.HttpServletRequest,org.springframework.ui.Model)
[main]-[INFO] 2017-01-19 14:49:16.645 org.springframework.web.servlet.mvc.method.annotation.RequestMappingHandlerAdapter Looking for @ControllerAdvice: org.springframework.context.support.GenericApplicationContext@1a968a59: startup date [Thu Jan 19 14:49:14 CST 2017]; root of context hierarchy
[main]-[INFO] 2017-01-19 14:49:16.700 org.springframework.web.servlet.mvc.method.annotation.RequestMappingHandlerAdapter Looking for @ControllerAdvice: org.springframework.context.support.GenericApplicationContext@1a968a59: startup date [Thu Jan 19 14:49:14 CST 2017]; root of context hierarchy
[main]-[INFO] 2017-01-19 14:49:17.356 RedisManager ======>>redis config : ip:127.0.0.1,password:
[Thread-1]-[INFO] 2017-01-19 14:49:17.517 org.springframework.context.support.GenericApplicationContext Closing org.springframework.context.support.GenericApplicationContext@1a968a59: startup date [Thu Jan 19 14:49:14 CST 2017]; root of context hierarchy
[Thread-1]-[INFO] 2017-01-19 14:49:17.536 com.alibaba.druid.pool.DruidDataSource {dataSource-1} closed
[main]-[INFO] 2017-01-19 16:02:26.708 org.springframework.test.context.support.DefaultTestContextBootstrapper Using TestExecutionListeners: [org.springframework.test.context.web.ServletTestExecutionListener@402f32ff, org.springframework.test.context.support.DirtiesContextBeforeModesTestExecutionListener@573f2bb1, org.springframework.test.context.support.DependencyInjectionTestExecutionListener@5ae9a829, org.springframework.test.context.support.DirtiesContextTestExecutionListener@6d8a00e3]
[main]-[INFO] 2017-01-19 16:02:26.832 org.springframework.beans.factory.xml.XmlBeanDefinitionReader Loading XML bean definitions from class path resource [spring/spring-mvc.xml]
[main]-[INFO] 2017-01-19 16:02:27.097 org.springframework.beans.factory.xml.XmlBeanDefinitionReader Loading XML bean definitions from class path resource [spring/spring-context.xml]
[main]-[INFO] 2017-01-19 16:02:27.181 org.springframework.beans.factory.xml.XmlBeanDefinitionReader Loading XML bean definitions from class path resource [spring/spring-mybatis.xml]
[main]-[INFO] 2017-01-19 16:02:27.254 org.springframework.context.support.GenericApplicationContext Refreshing org.springframework.context.support.GenericApplicationContext@1a968a59: startup date [Thu Jan 19 16:02:27 CST 2017]; root of context hierarchy
[main]-[INFO] 2017-01-19 16:02:27.783 org.springframework.context.support.PropertySourcesPlaceholderConfigurer Loading properties file from class path resource [jdbc.properties]
[main]-[INFO] 2017-01-19 16:02:28.998 com.alibaba.druid.pool.DruidDataSource {dataSource-1} inited
[main]-[INFO] 2017-01-19 16:02:29.190 org.springframework.web.servlet.mvc.method.annotation.RequestMappingHandlerMapping Mapped "{[/index/toIndex.do]}" onto public java.lang.String com.shaw.demo.controller.IndexController.toIndex(javax.servlet.http.HttpServletRequest,org.springframework.ui.Model)
[main]-[INFO] 2017-01-19 16:02:29.192 org.springframework.web.servlet.mvc.method.annotation.RequestMappingHandlerMapping Mapped "{[/index/showUser]}" onto public java.lang.String com.shaw.demo.controller.IndexController.showUser(javax.servlet.http.HttpServletRequest,org.springframework.ui.Model)
[main]-[INFO] 2017-01-19 16:02:29.388 org.springframework.web.servlet.mvc.method.annotation.RequestMappingHandlerAdapter Looking for @ControllerAdvice: org.springframework.context.support.GenericApplicationContext@1a968a59: startup date [Thu Jan 19 16:02:27 CST 2017]; root of context hierarchy
[main]-[INFO] 2017-01-19 16:02:29.451 org.springframework.web.servlet.mvc.method.annotation.RequestMappingHandlerAdapter Looking for @ControllerAdvice: org.springframework.context.support.GenericApplicationContext@1a968a59: startup date [Thu Jan 19 16:02:27 CST 2017]; root of context hierarchy
[main]-[INFO] 2017-01-19 16:02:30.056 RedisManager ======>>redis config : ip:127.0.0.1,password:
[Thread-1]-[INFO] 2017-01-19 16:02:30.136 org.springframework.context.support.GenericApplicationContext Closing org.springframework.context.support.GenericApplicationContext@1a968a59: startup date [Thu Jan 19 16:02:27 CST 2017]; root of context hierarchy
[Thread-1]-[INFO] 2017-01-19 16:02:30.142 com.alibaba.druid.pool.DruidDataSource {dataSource-1} closed
[main]-[INFO] 2017-01-19 16:18:12.981 org.springframework.test.context.support.DefaultTestContextBootstrapper Using TestExecutionListeners: [org.springframework.test.context.web.ServletTestExecutionListener@402f32ff, org.springframework.test.context.support.DirtiesContextBeforeModesTestExecutionListener@573f2bb1, org.springframework.test.context.support.DependencyInjectionTestExecutionListener@5ae9a829, org.springframework.test.context.support.DirtiesContextTestExecutionListener@6d8a00e3]
[main]-[INFO] 2017-01-19 16:18:13.117 org.springframework.beans.factory.xml.XmlBeanDefinitionReader Loading XML bean definitions from class path resource [spring/spring-mvc.xml]
[main]-[INFO] 2017-01-19 16:18:13.392 org.springframework.beans.factory.xml.XmlBeanDefinitionReader Loading XML bean definitions from class path resource [spring/spring-context.xml]
[main]-[INFO] 2017-01-19 16:18:13.460 org.springframework.beans.factory.xml.XmlBeanDefinitionReader Loading XML bean definitions from class path resource [spring/spring-mybatis.xml]
[main]-[INFO] 2017-01-19 16:18:13.525 org.springframework.context.support.GenericApplicationContext Refreshing org.springframework.context.support.GenericApplicationContext@1a968a59: startup date [Thu Jan 19 16:18:13 CST 2017]; root of context hierarchy
[main]-[INFO] 2017-01-19 16:18:13.755 org.springframework.context.support.PropertySourcesPlaceholderConfigurer Loading properties file from class path resource [jdbc.properties]
[main]-[INFO] 2017-01-19 16:18:14.596 com.alibaba.druid.pool.DruidDataSource {dataSource-1} inited
[main]-[INFO] 2017-01-19 16:18:14.749 org.springframework.web.servlet.mvc.method.annotation.RequestMappingHandlerMapping Mapped "{[/index/toIndex.do]}" onto public java.lang.String com.shaw.demo.controller.IndexController.toIndex(javax.servlet.http.HttpServletRequest,org.springframework.ui.Model)
[main]-[INFO] 2017-01-19 16:18:14.750 org.springframework.web.servlet.mvc.method.annotation.RequestMappingHandlerMapping Mapped "{[/index/showUser]}" onto public java.lang.String com.shaw.demo.controller.IndexController.showUser(javax.servlet.http.HttpServletRequest,org.springframework.ui.Model)
[main]-[INFO] 2017-01-19 16:18:14.919 org.springframework.web.servlet.mvc.method.annotation.RequestMappingHandlerAdapter Looking for @ControllerAdvice: org.springframework.context.support.GenericApplicationContext@1a968a59: startup date [Thu Jan 19 16:18:13 CST 2017]; root of context hierarchy
[main]-[INFO] 2017-01-19 16:18:14.965 org.springframework.web.servlet.mvc.method.annotation.RequestMappingHandlerAdapter Looking for @ControllerAdvice: org.springframework.context.support.GenericApplicationContext@1a968a59: startup date [Thu Jan 19 16:18:13 CST 2017]; root of context hierarchy
[main]-[INFO] 2017-01-19 16:18:15.509 RedisManager ======>>redis config : ip:127.0.0.1,password:
[Thread-1]-[INFO] 2017-01-19 16:18:15.641 org.springframework.context.support.GenericApplicationContext Closing org.springframework.context.support.GenericApplicationContext@1a968a59: startup date [Thu Jan 19 16:18:13 CST 2017]; root of context hierarchy
[Thread-1]-[INFO] 2017-01-19 16:18:15.658 com.alibaba.druid.pool.DruidDataSource {dataSource-1} closed
